<testsuites id="" name="" tests="8" failures="0" skipped="0" errors="0" time="19.401827">
<testsuite name="export-accuracy.spec.ts" timestamp="2026-03-30T17:40:07.010Z" hostname="chromium" tests="1" failures="0" skipped="0" time="17.155" errors="0">
<testcase name="Export Accuracy › export produces PASS A/V sync status within tolerance" classname="export-accuracy.spec.ts" time="17.155">
</testcase>
</testsuite>
<testsuite name="long-task-budget.spec.ts" timestamp="2026-03-30T17:40:07.010Z" hostname="chromium" tests="3" failures="0" skipped="0" time="2.898" errors="0">
<testcase name="Long-Task Budget › scrub playhead stays under 50ms long-task budget" classname="long-task-budget.spec.ts" time="1.284">
</testcase>
<testcase name="Long-Task Budget › batch delete stays under 50ms long-task budget" classname="long-task-budget.spec.ts" time="1.091">
</testcase>
<testcase name="Long-Task Budget › proxy generation stays under 50ms long-task budget on main thread" classname="long-task-budget.spec.ts" time="0.523">
</testcase>
</testsuite>
<testsuite name="nav-durability.spec.ts" timestamp="2026-03-30T17:40:07.010Z" hostname="chromium" tests="1" failures="0" skipped="0" time="1.494" errors="0">
<testcase name="Navigation Durability › flush completes before route transition after project mutation" classname="nav-durability.spec.ts" time="1.494">
</testcase>
</testsuite>
<testsuite name="worker-isolation.spec.ts" timestamp="2026-03-30T17:40:07.010Z" hostname="chromium" tests="3" failures="0" skipped="0" time="9.06" errors="0">
<testcase name="Worker Isolation › OPFS write operations emit ordered worker events" classname="worker-isolation.spec.ts" time="2.621">
</testcase>
<testcase name="Worker Isolation › OPFS decode operations emit ordered worker events with monotonic timestamps" classname="worker-isolation.spec.ts" time="1.76">
</testcase>
<testcase name="Worker Isolation › all worker events have monotonically increasing timestamps" classname="worker-isolation.spec.ts" time="4.679">
</testcase>
</testsuite>
</testsuites>